# JRE version: Java(TM) SE Runtime Environment (8.0_131-b11) (build 1.8.0_131-b11)
# Java VM: Java HotSpot(TM) 64-Bit Server VM (25.131-b11 mixed mode windows-amd64 compressed oops)
Heap:
 PSYoungGen      total 251904K, used 31724K [0x00000000eac00000, 0x0000000100000000, 0x0000000100000000)
  eden space 220160K, 0% used [0x00000000eac00000,0x00000000eac00000,0x00000000f8300000)
  from space 31744K, 99% used [0x00000000fba80000,0x00000000fd97b2e0,0x00000000fd980000)
  to   space 56832K, 0% used [0x00000000f8300000,0x00000000f8300000,0x00000000fba80000)
 ParOldGen       total 95232K, used 94824K [0x00000000c0400000, 0x00000000c6100000, 0x00000000eac00000)
  object space 95232K, 99% used [0x00000000c0400000,0x00000000c609a138,0x00000000c6100000)
 Metaspace       used 6703K, capacity 7256K, committed 7424K, reserved 1056768K
  class space    used 642K, capacity 656K, committed 768K, reserved 1048576K
GC Heap History (10 events):
Event: 1.944 GC heap after
Heap after GC invocations=7 (full 0):
 PSYoungGen      total 144384K, used 15340K [0x00000000eac00000, 0x00000000fd800000, 0x0000000100000000)
  eden space 129024K, 0% used [0x00000000eac00000,0x00000000eac00000,0x00000000f2a00000)
  from space 15360K, 99% used [0x00000000f2a00000,0x00000000f38fb0b8,0x00000000f3900000)
  to   space 24576K, 0% used [0x00000000fc000000,0x00000000fc000000,0x00000000fd800000)
 ParOldGen       total 44032K, used 37448K [0x00000000c0400000, 0x00000000c2f00000, 0x00000000eac00000)
  object space 44032K, 85% used [0x00000000c0400000,0x00000000c2892148,0x00000000c2f00000)
 Metaspace       used 6576K, capacity 7256K, committed 7424K, reserved 1056768K
  class space    used 623K, capacity 656K, committed 768K, reserved 1048576K
}
Event: 1.944 GC heap before
{Heap before GC invocations=8 (full 1):
 PSYoungGen      total 144384K, used 15340K [0x00000000eac00000, 0x00000000fd800000, 0x0000000100000000)
  eden space 129024K, 0% used [0x00000000eac00000,0x00000000eac00000,0x00000000f2a00000)
  from space 15360K, 99% used [0x00000000f2a00000,0x00000000f38fb0b8,0x00000000f3900000)
  to   space 24576K, 0% used [0x00000000fc000000,0x00000000fc000000,0x00000000fd800000)
 ParOldGen       total 44032K, used 37448K [0x00000000c0400000, 0x00000000c2f00000, 0x00000000eac00000)
  object space 44032K, 85% used [0x00000000c0400000,0x00000000c2892148,0x00000000c2f00000)
 Metaspace       used 6576K, capacity 7256K, committed 7424K, reserved 1056768K
  class space    used 623K, capacity 656K, committed 768K, reserved 1048576K
Event: 2.143 GC heap after
Heap after GC invocations=8 (full 1):
 PSYoungGen      total 144384K, used 6112K [0x00000000eac00000, 0x00000000fd800000, 0x0000000100000000)
  eden space 129024K, 0% used [0x00000000eac00000,0x00000000eac00000,0x00000000f2a00000)
  from space 15360K, 39% used [0x00000000f2a00000,0x00000000f2ff80c8,0x00000000f3900000)
  to   space 24576K, 0% used [0x00000000fc000000,0x00000000fc000000,0x00000000fd800000)
 ParOldGen       total 84992K, used 43702K [0x00000000c0400000, 0x00000000c5700000, 0x00000000eac00000)
  object space 84992K, 51% used [0x00000000c0400000,0x00000000c2ead8b0,0x00000000c5700000)
 Metaspace       used 6576K, capacity 7256K, committed 7424K, reserved 1056768K
  class space    used 623K, capacity 656K, committed 768K, reserved 1048576K
}
Event: 2.556 GC heap before
{Heap before GC invocations=9 (full 1):
 PSYoungGen      total 144384K, used 135136K [0x00000000eac00000, 0x00000000fd800000, 0x0000000100000000)
  eden space 129024K, 100% used [0x00000000eac00000,0x00000000f2a00000,0x00000000f2a00000)
  from space 15360K, 39% used [0x00000000f2a00000,0x00000000f2ff80c8,0x00000000f3900000)
  to   space 24576K, 0% used [0x00000000fc000000,0x00000000fc000000,0x00000000fd800000)
 ParOldGen       total 84992K, used 43702K [0x00000000c0400000, 0x00000000c5700000, 0x00000000eac00000)
  object space 84992K, 51% used [0x00000000c0400000,0x00000000c2ead8b0,0x00000000c5700000)
 Metaspace       used 6679K, capacity 7256K, committed 7424K, reserved 1056768K
  class space    used 642K, capacity 656K, committed 768K, reserved 1048576K
Event: 2.587 GC heap after
Heap after GC invocations=9 (full 1):
 PSYoungGen      total 202240K, used 24545K [0x00000000eac00000, 0x00000000fd800000, 0x0000000100000000)
  eden space 177664K, 0% used [0x00000000eac00000,0x00000000eac00000,0x00000000f5980000)
  from space 24576K, 99% used [0x00000000fc000000,0x00000000fd7f86f0,0x00000000fd800000)
  to   space 30208K, 0% used [0x00000000f9d00000,0x00000000f9d00000,0x00000000fba80000)
 ParOldGen       total 84992K, used 46077K [0x00000000c0400000, 0x00000000c5700000, 0x00000000eac00000)
  object space 84992K, 54% used [0x00000000c0400000,0x00000000c30ff618,0x00000000c5700000)
 Metaspace       used 6679K, capacity 7256K, committed 7424K, reserved 1056768K
  class space    used 642K, capacity 656K, committed 768K, reserved 1048576K
}
Event: 3.123 GC heap before
{Heap before GC invocations=10 (full 1):
 PSYoungGen      total 202240K, used 202209K [0x00000000eac00000, 0x00000000fd800000, 0x0000000100000000)
  eden space 177664K, 100% used [0x00000000eac00000,0x00000000f5980000,0x00000000f5980000)
  from space 24576K, 99% used [0x00000000fc000000,0x00000000fd7f86f0,0x00000000fd800000)
  to   space 30208K, 0% used [0x00000000f9d00000,0x00000000f9d00000,0x00000000fba80000)
 ParOldGen       total 84992K, used 46077K [0x00000000c0400000, 0x00000000c5700000, 0x00000000eac00000)
  object space 84992K, 54% used [0x00000000c0400000,0x00000000c30ff618,0x00000000c5700000)
 Metaspace       used 6695K, capacity 7256K, committed 7424K, reserved 1056768K
  class space    used 642K, capacity 656K, committed 768K, reserved 1048576K
Event: 3.183 GC heap after
Heap after GC invocations=10 (full 1):
 PSYoungGen      total 252928K, used 30177K [0x00000000eac00000, 0x00000000fd980000, 0x0000000100000000)
  eden space 222720K, 0% used [0x00000000eac00000,0x00000000eac00000,0x00000000f8580000)
  from space 30208K, 99% used [0x00000000f9d00000,0x00000000fba78778,0x00000000fba80000)
  to   space 31744K, 0% used [0x00000000fba80000,0x00000000fba80000,0x00000000fd980000)
 ParOldGen       total 84992K, used 65757K [0x00000000c0400000, 0x00000000c5700000, 0x00000000eac00000)
  object space 84992K, 77% used [0x00000000c0400000,0x00000000c44377c0,0x00000000c5700000)
 Metaspace       used 6695K, capacity 7256K, committed 7424K, reserved 1056768K
  class space    used 642K, capacity 656K, committed 768K, reserved 1048576K
}
Event: 3.842 GC heap before
{Heap before GC invocations=11 (full 1):
 PSYoungGen      total 252928K, used 252897K [0x00000000eac00000, 0x00000000fd980000, 0x0000000100000000)
  eden space 222720K, 100% used [0x00000000eac00000,0x00000000f8580000,0x00000000f8580000)
  from space 30208K, 99% used [0x00000000f9d00000,0x00000000fba78778,0x00000000fba80000)
  to   space 31744K, 0% used [0x00000000fba80000,0x00000000fba80000,0x00000000fd980000)
 ParOldGen       total 84992K, used 65757K [0x00000000c0400000, 0x00000000c5700000, 0x00000000eac00000)
  object space 84992K, 77% used [0x00000000c0400000,0x00000000c44377c0,0x00000000c5700000)
 Metaspace       used 6703K, capacity 7256K, committed 7424K, reserved 1056768K
  class space    used 642K, capacity 656K, committed 768K, reserved 1048576K
Event: 3.952 GC heap after
Heap after GC invocations=11 (full 1):
 PSYoungGen      total 251904K, used 31724K [0x00000000eac00000, 0x0000000100000000, 0x0000000100000000)
  eden space 220160K, 0% used [0x00000000eac00000,0x00000000eac00000,0x00000000f8300000)
  from space 31744K, 99% used [0x00000000fba80000,0x00000000fd97b2e0,0x00000000fd980000)
  to   space 56832K, 0% used [0x00000000f8300000,0x00000000f8300000,0x00000000fba80000)
 ParOldGen       total 95232K, used 94824K [0x00000000c0400000, 0x00000000c6100000, 0x00000000eac00000)
  object space 95232K, 99% used [0x00000000c0400000,0x00000000c609a138,0x00000000c6100000)
 Metaspace       used 6703K, capacity 7256K, committed 7424K, reserved 1056768K
  class space    used 642K, capacity 656K, committed 768K, reserved 1048576K
}
Event: 3.952 GC heap before
{Heap before GC invocations=12 (full 2):
 PSYoungGen      total 251904K, used 31724K [0x00000000eac00000, 0x0000000100000000, 0x0000000100000000)
  eden space 220160K, 0% used [0x00000000eac00000,0x00000000eac00000,0x00000000f8300000)
  from space 31744K, 99% used [0x00000000fba80000,0x00000000fd97b2e0,0x00000000fd980000)
  to   space 56832K, 0% used [0x00000000f8300000,0x00000000f8300000,0x00000000fba80000)
 ParOldGen       total 95232K, used 94824K [0x00000000c0400000, 0x00000000c6100000, 0x00000000eac00000)
  object space 95232K, 99% used [0x00000000c0400000,0x00000000c609a138,0x00000000c6100000)
 Metaspace       used 6703K, capacity 7256K, committed 7424K, reserved 1056768K
  class space    used 642K, capacity 656K, committed 768K, reserved 1048576K

